Pleurotus eryngii	0.4049999415874481
Category:Frog images	0.4049999415874481
Dibbinsdale	0.2774999737739563
Suwayq	0.2774999737739563
Aligarh Movement	0.2774999737739563
Makasae	0.2774999737739563
Cherry Garcia	0.268609881401062
Image:Sly-family-affair-single2.jpg	0.26101163029670715
Template:Mortal Kombat character/row	0.26101163029670715
Yvonne Nevejean	0.20930492877960205
Red and Black (newspaper)	0.20930492877960205
Homunculus fallacy	0.20930492877960205
European/South American Cup	0.20930492877960205
Vonnie Holiday	0.20930492877960205
Euro Speedway	0.20930492877960205
Eu four freedoms	0.20930492877960205
Dactyl (asteroid)	0.20930492877960205
DSS1	0.20930492877960205
DOS4GW	0.20930492877960205
History of Portugal (1777-1834)	0.20930492877960205
Ahahd	0.20930492877960205
Murine Mouse Opossum	0.20930492877960205
Affliction (1997 film)	0.20930492877960205
Adventures of Mini-Goddess	0.20930492877960205
Genome Valley, Hyderabad, India	0.20930492877960205
Template:FinalFantasyProject	0.20930492877960205
Higinio Uriate	0.20930492877960205
Portal:Philadelphia/Selected biography	0.20930492877960205
Cristina Perez (reporter)	0.20930492877960205
Mr. Midnight (book)	0.20930492877960205
US Asiatic Fleet	0.20930492877960205
Japanese administration in Manchukuo	0.20930492877960205
L-rhamnose	0.20930492877960205
Raleigh (bicycle)	0.20930492877960205
Benhard Grzimek	0.20930492877960205
Bela H. Banathy	0.20930492877960205
Vali Myers (artist)	0.20930492877960205
GameStorm (convention)	0.20930492877960205
Krisjanis Berkis	0.20930492877960205
Elgin O'Hare Expressway	0.20930492877960205
Beck Center	0.20930492877960205
Jaffe v. Redmond	0.20930492877960205
Jae Millz (Rapper)	0.20930492877960205
List of kids films	0.20930492877960205
Common Echymipera	0.20930492877960205
2006 Stanley Cup Playofs	0.20930492877960205
U.S. one hundred-dollar bill	0.20930492877960205
Freescale 56000	0.20930492877960205
Mohammd Noordin Sopiee	0.20930492877960205
Eastern Harbour Tunnel	0.20930492877960205
Hayna Valley English	0.20930492877960205
Frank's Wild Years	0.20930492877960205
Wikipedia:Articles for deletion/Nonpoint source	0.20930492877960205
Quadrature phase booster	0.20930492877960205
Wikipedia:Articles for deletion/advertising	0.20930492877960205
Francis Fontaine	0.20930492877960205
Wikipedia:Articles for deletion/Austin elementary school	0.20930492877960205
Roberts Dambitis	0.20930492877960205
Singapore Air Show	0.20930492877960205
Manuel Carrascalao House Massacre	0.20930492877960205
Dry (property of alcohol)	0.20930492877960205
Invalidity Insurance (Agriculture) Convention, 1933	0.20930492877960205
Carlos Felipe Ximenes Belo	0.20930492877960205
U.S. Army rank insignia	0.20930492877960205
Out of the Dark (novel)	0.20930492877960205
Cherry Garcia ice cream	0.20930492877960205
Canadian passports	0.20930492877960205
Atmosphere(Fritsch album)	0.20930492877960205
The Real World (Miami)	0.20930492877960205
List of British People of Jewish descent	0.20930492877960205
Spotted Quoll	0.20930492877960205
Liquica	0.20930492877960205
New York State Highway 301	0.20930492877960205
Midwood	0.20930492877960205
New York State Highway 300	0.20930492877960205
Young Scientist and Technology Exhibition (Ireland)	0.20930492877960205
The Parable of the Prodigal Son	0.20930492877960205
CEMS (business education)	0.20930492877960205
Dmitry Sergeyevich Dokhturov	0.20930492877960205
Progressive Conservative candidates, 1999 Ontario provincial election	0.20930492877960205
Sundridge and Ide Hill	0.20930492877960205
Template:User cpp-3	0.20930492877960205
Bruce Wilson (footballer)	0.20930492877960205
Werrimull	0.20930492877960205
Zig Zag (company)	0.20930492877960205
Primosten	0.20930492877960205
University of Exeter in Cornwall	0.20930492877960205
Wikipedia:Articles for deletion/Women's Olympic Handball Tournament	0.20930492877960205
Bridled Nailtail Wallaby	0.20930492877960205
TeVeS	0.20930492877960205
WFTX-TV	0.20930492877960205
Graham Gellie	0.20930492877960205
Anglo-Irish War	0.20930492877960205
Brian Mackenzie	0.20930492877960205
WDKA-TV	0.20930492877960205
Suleiman II of Umayyad	0.20930492877960205
NWA Florida World Tag Team Championship	0.20930492877960205
Yellow mombin	0.20930492877960205
Petersberg near Bonn	0.20930492877960205
Godman's Rock Wallaby	0.20930492877960205